<?xml version="1.0" encoding="UTF-8"?>
<testsuite xmlns:xsi="http://www.w3.org/2001/XMLSchema-instance" xsi:noNamespaceSchemaLocation="https://maven.apache.org/surefire/maven-surefire-plugin/xsd/surefire-test-report-3.0.xsd" version="3.0" name="com.lalith.customer.servicetests.OrderServiceTests" time="0.122" tests="9" errors="0" skipped="0" failures="2">
  <properties>
    <property name="java.specification.version" value="20"/>
    <property name="sun.jnu.encoding" value="UTF-8"/>
    <property name="java.class.path" value="/Users/lalithphanindrapatibanda/Desktop/FullStackProject---Customer-Application/Backend/customer/target/test-classes:/Users/lalithphanindrapatibanda/Desktop/FullStackProject---Customer-Application/Backend/customer/target/classes:/Users/lalithphanindrapatibanda/.m2/repository/org/springframework/boot/spring-boot-starter-data-mongodb/3.1.3/spring-boot-starter-data-mongodb-3.1.3.jar:/Users/lalithphanindrapatibanda/.m2/repository/org/springframework/boot/spring-boot-starter/3.1.3/spring-boot-starter-3.1.3.jar:/Users/lalithphanindrapatibanda/.m2/repository/org/springframework/boot/spring-boot/3.1.3/spring-boot-3.1.3.jar:/Users/lalithphanindrapatibanda/.m2/repository/org/springframework/boot/spring-boot-autoconfigure/3.1.3/spring-boot-autoconfigure-3.1.3.jar:/Users/lalithphanindrapatibanda/.m2/repository/org/springframework/boot/spring-boot-starter-logging/3.1.3/spring-boot-starter-logging-3.1.3.jar:/Users/lalithphanindrapatibanda/.m2/repository/ch/qos/logback/logback-classic/1.4.11/logback-classic-1.4.11.jar:/Users/lalithphanindrapatibanda/.m2/repository/ch/qos/logback/logback-core/1.4.11/logback-core-1.4.11.jar:/Users/lalithphanindrapatibanda/.m2/repository/org/apache/logging/log4j/log4j-to-slf4j/2.20.0/log4j-to-slf4j-2.20.0.jar:/Users/lalithphanindrapatibanda/.m2/repository/org/apache/logging/log4j/log4j-api/2.20.0/log4j-api-2.20.0.jar:/Users/lalithphanindrapatibanda/.m2/repository/org/slf4j/jul-to-slf4j/2.0.7/jul-to-slf4j-2.0.7.jar:/Users/lalithphanindrapatibanda/.m2/repository/jakarta/annotation/jakarta.annotation-api/2.1.1/jakarta.annotation-api-2.1.1.jar:/Users/lalithphanindrapatibanda/.m2/repository/org/yaml/snakeyaml/1.33/snakeyaml-1.33.jar:/Users/lalithphanindrapatibanda/.m2/repository/org/mongodb/mongodb-driver-sync/4.9.1/mongodb-driver-sync-4.9.1.jar:/Users/lalithphanindrapatibanda/.m2/repository/org/mongodb/bson/4.9.1/bson-4.9.1.jar:/Users/lalithphanindrapatibanda/.m2/repository/org/mongodb/mongodb-driver-core/4.9.1/mongodb-driver-core-4.9.1.jar:/Users/lalithphanindrapatibanda/.m2/repository/org/mongodb/bson-record-codec/4.9.1/bson-record-codec-4.9.1.jar:/Users/lalithphanindrapatibanda/.m2/repository/org/springframework/data/spring-data-mongodb/4.1.3/spring-data-mongodb-4.1.3.jar:/Users/lalithphanindrapatibanda/.m2/repository/org/springframework/spring-tx/6.0.11/spring-tx-6.0.11.jar:/Users/lalithphanindrapatibanda/.m2/repository/org/springframework/spring-context/6.0.11/spring-context-6.0.11.jar:/Users/lalithphanindrapatibanda/.m2/repository/org/springframework/spring-beans/6.0.11/spring-beans-6.0.11.jar:/Users/lalithphanindrapatibanda/.m2/repository/org/springframework/spring-expression/6.0.11/spring-expression-6.0.11.jar:/Users/lalithphanindrapatibanda/.m2/repository/org/springframework/data/spring-data-commons/3.1.3/spring-data-commons-3.1.3.jar:/Users/lalithphanindrapatibanda/.m2/repository/org/slf4j/slf4j-api/2.0.7/slf4j-api-2.0.7.jar:/Users/lalithphanindrapatibanda/.m2/repository/org/springframework/boot/spring-boot-starter-web/3.1.3/spring-boot-starter-web-3.1.3.jar:/Users/lalithphanindrapatibanda/.m2/repository/org/springframework/boot/spring-boot-starter-json/3.1.3/spring-boot-starter-json-3.1.3.jar:/Users/lalithphanindrapatibanda/.m2/repository/com/fasterxml/jackson/datatype/jackson-datatype-jdk8/2.15.2/jackson-datatype-jdk8-2.15.2.jar:/Users/lalithphanindrapatibanda/.m2/repository/com/fasterxml/jackson/module/jackson-module-parameter-names/2.15.2/jackson-module-parameter-names-2.15.2.jar:/Users/lalithphanindrapatibanda/.m2/repository/org/springframework/boot/spring-boot-starter-tomcat/3.1.3/spring-boot-starter-tomcat-3.1.3.jar:/Users/lalithphanindrapatibanda/.m2/repository/org/apache/tomcat/embed/tomcat-embed-core/10.1.12/tomcat-embed-core-10.1.12.jar:/Users/lalithphanindrapatibanda/.m2/repository/org/apache/tomcat/embed/tomcat-embed-websocket/10.1.12/tomcat-embed-websocket-10.1.12.jar:/Users/lalithphanindrapatibanda/.m2/repository/org/springframework/spring-web/6.0.11/spring-web-6.0.11.jar:/Users/lalithphanindrapatibanda/.m2/repository/io/micrometer/micrometer-observation/1.11.3/micrometer-observation-1.11.3.jar:/Users/lalithphanindrapatibanda/.m2/repository/io/micrometer/micrometer-commons/1.11.3/micrometer-commons-1.11.3.jar:/Users/lalithphanindrapatibanda/.m2/repository/org/springframework/spring-webmvc/6.0.11/spring-webmvc-6.0.11.jar:/Users/lalithphanindrapatibanda/.m2/repository/org/projectlombok/lombok/1.18.28/lombok-1.18.28.jar:/Users/lalithphanindrapatibanda/.m2/repository/org/springframework/boot/spring-boot-starter-test/3.1.3/spring-boot-starter-test-3.1.3.jar:/Users/lalithphanindrapatibanda/.m2/repository/org/springframework/boot/spring-boot-test/3.1.3/spring-boot-test-3.1.3.jar:/Users/lalithphanindrapatibanda/.m2/repository/org/springframework/boot/spring-boot-test-autoconfigure/3.1.3/spring-boot-test-autoconfigure-3.1.3.jar:/Users/lalithphanindrapatibanda/.m2/repository/com/jayway/jsonpath/json-path/2.8.0/json-path-2.8.0.jar:/Users/lalithphanindrapatibanda/.m2/repository/jakarta/xml/bind/jakarta.xml.bind-api/4.0.0/jakarta.xml.bind-api-4.0.0.jar:/Users/lalithphanindrapatibanda/.m2/repository/jakarta/activation/jakarta.activation-api/2.1.2/jakarta.activation-api-2.1.2.jar:/Users/lalithphanindrapatibanda/.m2/repository/net/minidev/json-smart/2.4.11/json-smart-2.4.11.jar:/Users/lalithphanindrapatibanda/.m2/repository/net/minidev/accessors-smart/2.4.11/accessors-smart-2.4.11.jar:/Users/lalithphanindrapatibanda/.m2/repository/org/ow2/asm/asm/9.3/asm-9.3.jar:/Users/lalithphanindrapatibanda/.m2/repository/org/assertj/assertj-core/3.24.2/assertj-core-3.24.2.jar:/Users/lalithphanindrapatibanda/.m2/repository/net/bytebuddy/byte-buddy/1.14.6/byte-buddy-1.14.6.jar:/Users/lalithphanindrapatibanda/.m2/repository/org/hamcrest/hamcrest/2.2/hamcrest-2.2.jar:/Users/lalithphanindrapatibanda/.m2/repository/org/junit/jupiter/junit-jupiter/5.9.3/junit-jupiter-5.9.3.jar:/Users/lalithphanindrapatibanda/.m2/repository/org/junit/jupiter/junit-jupiter-api/5.9.3/junit-jupiter-api-5.9.3.jar:/Users/lalithphanindrapatibanda/.m2/repository/org/opentest4j/opentest4j/1.2.0/opentest4j-1.2.0.jar:/Users/lalithphanindrapatibanda/.m2/repository/org/junit/platform/junit-platform-commons/1.9.3/junit-platform-commons-1.9.3.jar:/Users/lalithphanindrapatibanda/.m2/repository/org/apiguardian/apiguardian-api/1.1.2/apiguardian-api-1.1.2.jar:/Users/lalithphanindrapatibanda/.m2/repository/org/junit/jupiter/junit-jupiter-params/5.9.3/junit-jupiter-params-5.9.3.jar:/Users/lalithphanindrapatibanda/.m2/repository/org/junit/jupiter/junit-jupiter-engine/5.9.3/junit-jupiter-engine-5.9.3.jar:/Users/lalithphanindrapatibanda/.m2/repository/org/junit/platform/junit-platform-engine/1.9.3/junit-platform-engine-1.9.3.jar:/Users/lalithphanindrapatibanda/.m2/repository/org/mockito/mockito-core/5.3.1/mockito-core-5.3.1.jar:/Users/lalithphanindrapatibanda/.m2/repository/net/bytebuddy/byte-buddy-agent/1.14.6/byte-buddy-agent-1.14.6.jar:/Users/lalithphanindrapatibanda/.m2/repository/org/objenesis/objenesis/3.3/objenesis-3.3.jar:/Users/lalithphanindrapatibanda/.m2/repository/org/mockito/mockito-junit-jupiter/5.3.1/mockito-junit-jupiter-5.3.1.jar:/Users/lalithphanindrapatibanda/.m2/repository/org/skyscreamer/jsonassert/1.5.1/jsonassert-1.5.1.jar:/Users/lalithphanindrapatibanda/.m2/repository/com/vaadin/external/google/android-json/0.0.20131108.vaadin1/android-json-0.0.20131108.vaadin1.jar:/Users/lalithphanindrapatibanda/.m2/repository/org/springframework/spring-core/6.0.11/spring-core-6.0.11.jar:/Users/lalithphanindrapatibanda/.m2/repository/org/springframework/spring-jcl/6.0.11/spring-jcl-6.0.11.jar:/Users/lalithphanindrapatibanda/.m2/repository/org/springframework/spring-test/6.0.11/spring-test-6.0.11.jar:/Users/lalithphanindrapatibanda/.m2/repository/org/xmlunit/xmlunit-core/2.9.1/xmlunit-core-2.9.1.jar:/Users/lalithphanindrapatibanda/.m2/repository/org/springframework/boot/spring-boot-starter-validation/3.1.3/spring-boot-starter-validation-3.1.3.jar:/Users/lalithphanindrapatibanda/.m2/repository/org/apache/tomcat/embed/tomcat-embed-el/10.1.12/tomcat-embed-el-10.1.12.jar:/Users/lalithphanindrapatibanda/.m2/repository/org/hibernate/validator/hibernate-validator/8.0.1.Final/hibernate-validator-8.0.1.Final.jar:/Users/lalithphanindrapatibanda/.m2/repository/jakarta/validation/jakarta.validation-api/3.0.2/jakarta.validation-api-3.0.2.jar:/Users/lalithphanindrapatibanda/.m2/repository/org/jboss/logging/jboss-logging/3.5.3.Final/jboss-logging-3.5.3.Final.jar:/Users/lalithphanindrapatibanda/.m2/repository/com/fasterxml/classmate/1.5.1/classmate-1.5.1.jar:/Users/lalithphanindrapatibanda/.m2/repository/javax/validation/validation-api/2.0.1.Final/validation-api-2.0.1.Final.jar:/Users/lalithphanindrapatibanda/.m2/repository/org/springframework/boot/spring-boot-starter-security/3.1.0/spring-boot-starter-security-3.1.0.jar:/Users/lalithphanindrapatibanda/.m2/repository/org/springframework/spring-aop/6.0.11/spring-aop-6.0.11.jar:/Users/lalithphanindrapatibanda/.m2/repository/org/springframework/security/spring-security-config/6.1.3/spring-security-config-6.1.3.jar:/Users/lalithphanindrapatibanda/.m2/repository/org/springframework/security/spring-security-core/6.1.3/spring-security-core-6.1.3.jar:/Users/lalithphanindrapatibanda/.m2/repository/org/springframework/security/spring-security-crypto/6.1.3/spring-security-crypto-6.1.3.jar:/Users/lalithphanindrapatibanda/.m2/repository/org/springframework/security/spring-security-web/6.1.3/spring-security-web-6.1.3.jar:/Users/lalithphanindrapatibanda/.m2/repository/io/jsonwebtoken/jjwt-api/0.11.5/jjwt-api-0.11.5.jar:/Users/lalithphanindrapatibanda/.m2/repository/io/jsonwebtoken/jjwt-impl/0.11.5/jjwt-impl-0.11.5.jar:/Users/lalithphanindrapatibanda/.m2/repository/com/fasterxml/jackson/datatype/jackson-datatype-jsr310/2.14.2/jackson-datatype-jsr310-2.14.2.jar:/Users/lalithphanindrapatibanda/.m2/repository/com/fasterxml/jackson/core/jackson-annotations/2.15.2/jackson-annotations-2.15.2.jar:/Users/lalithphanindrapatibanda/.m2/repository/com/fasterxml/jackson/core/jackson-core/2.15.2/jackson-core-2.15.2.jar:/Users/lalithphanindrapatibanda/.m2/repository/com/fasterxml/jackson/core/jackson-databind/2.15.2/jackson-databind-2.15.2.jar:/Users/lalithphanindrapatibanda/.m2/repository/io/jsonwebtoken/jjwt-jackson/0.11.5/jjwt-jackson-0.11.5.jar:/Users/lalithphanindrapatibanda/.m2/repository/org/aspectj/aspectjweaver/1.9.19/aspectjweaver-1.9.19.jar:/Users/lalithphanindrapatibanda/.m2/repository/org/mockito/mockito-all/1.10.19/mockito-all-1.10.19.jar:"/>
    <property name="java.vm.vendor" value="Oracle Corporation"/>
    <property name="sun.arch.data.model" value="64"/>
    <property name="java.vendor.url" value="https://java.oracle.com/"/>
    <property name="user.timezone" value="Asia/Kolkata"/>
    <property name="org.jboss.logging.provider" value="slf4j"/>
    <property name="os.name" value="Mac OS X"/>
    <property name="java.vm.specification.version" value="20"/>
    <property name="sun.java.launcher" value="SUN_STANDARD"/>
    <property name="user.country" value="IN"/>
    <property name="sun.boot.library.path" value="/Users/lalithphanindrapatibanda/Library/Java/JavaVirtualMachines/openjdk-20.0.1/Contents/Home/lib"/>
    <property name="sun.java.command" value="/Users/lalithphanindrapatibanda/Desktop/FullStackProject---Customer-Application/Backend/customer/target/surefire/surefirebooter-20231002232925835_3.jar /Users/lalithphanindrapatibanda/Desktop/FullStackProject---Customer-Application/Backend/customer/target/surefire 2023-10-02T23-29-25_776-jvmRun1 surefire-20231002232925835_1tmp surefire_0-20231002232925835_2tmp"/>
    <property name="http.nonProxyHosts" value="local|*.local|169.254/16|*.169.254/16"/>
    <property name="jdk.debug" value="release"/>
    <property name="surefire.test.class.path" value="/Users/lalithphanindrapatibanda/Desktop/FullStackProject---Customer-Application/Backend/customer/target/test-classes:/Users/lalithphanindrapatibanda/Desktop/FullStackProject---Customer-Application/Backend/customer/target/classes:/Users/lalithphanindrapatibanda/.m2/repository/org/springframework/boot/spring-boot-starter-data-mongodb/3.1.3/spring-boot-starter-data-mongodb-3.1.3.jar:/Users/lalithphanindrapatibanda/.m2/repository/org/springframework/boot/spring-boot-starter/3.1.3/spring-boot-starter-3.1.3.jar:/Users/lalithphanindrapatibanda/.m2/repository/org/springframework/boot/spring-boot/3.1.3/spring-boot-3.1.3.jar:/Users/lalithphanindrapatibanda/.m2/repository/org/springframework/boot/spring-boot-autoconfigure/3.1.3/spring-boot-autoconfigure-3.1.3.jar:/Users/lalithphanindrapatibanda/.m2/repository/org/springframework/boot/spring-boot-starter-logging/3.1.3/spring-boot-starter-logging-3.1.3.jar:/Users/lalithphanindrapatibanda/.m2/repository/ch/qos/logback/logback-classic/1.4.11/logback-classic-1.4.11.jar:/Users/lalithphanindrapatibanda/.m2/repository/ch/qos/logback/logback-core/1.4.11/logback-core-1.4.11.jar:/Users/lalithphanindrapatibanda/.m2/repository/org/apache/logging/log4j/log4j-to-slf4j/2.20.0/log4j-to-slf4j-2.20.0.jar:/Users/lalithphanindrapatibanda/.m2/repository/org/apache/logging/log4j/log4j-api/2.20.0/log4j-api-2.20.0.jar:/Users/lalithphanindrapatibanda/.m2/repository/org/slf4j/jul-to-slf4j/2.0.7/jul-to-slf4j-2.0.7.jar:/Users/lalithphanindrapatibanda/.m2/repository/jakarta/annotation/jakarta.annotation-api/2.1.1/jakarta.annotation-api-2.1.1.jar:/Users/lalithphanindrapatibanda/.m2/repository/org/yaml/snakeyaml/1.33/snakeyaml-1.33.jar:/Users/lalithphanindrapatibanda/.m2/repository/org/mongodb/mongodb-driver-sync/4.9.1/mongodb-driver-sync-4.9.1.jar:/Users/lalithphanindrapatibanda/.m2/repository/org/mongodb/bson/4.9.1/bson-4.9.1.jar:/Users/lalithphanindrapatibanda/.m2/repository/org/mongodb/mongodb-driver-core/4.9.1/mongodb-driver-core-4.9.1.jar:/Users/lalithphanindrapatibanda/.m2/repository/org/mongodb/bson-record-codec/4.9.1/bson-record-codec-4.9.1.jar:/Users/lalithphanindrapatibanda/.m2/repository/org/springframework/data/spring-data-mongodb/4.1.3/spring-data-mongodb-4.1.3.jar:/Users/lalithphanindrapatibanda/.m2/repository/org/springframework/spring-tx/6.0.11/spring-tx-6.0.11.jar:/Users/lalithphanindrapatibanda/.m2/repository/org/springframework/spring-context/6.0.11/spring-context-6.0.11.jar:/Users/lalithphanindrapatibanda/.m2/repository/org/springframework/spring-beans/6.0.11/spring-beans-6.0.11.jar:/Users/lalithphanindrapatibanda/.m2/repository/org/springframework/spring-expression/6.0.11/spring-expression-6.0.11.jar:/Users/lalithphanindrapatibanda/.m2/repository/org/springframework/data/spring-data-commons/3.1.3/spring-data-commons-3.1.3.jar:/Users/lalithphanindrapatibanda/.m2/repository/org/slf4j/slf4j-api/2.0.7/slf4j-api-2.0.7.jar:/Users/lalithphanindrapatibanda/.m2/repository/org/springframework/boot/spring-boot-starter-web/3.1.3/spring-boot-starter-web-3.1.3.jar:/Users/lalithphanindrapatibanda/.m2/repository/org/springframework/boot/spring-boot-starter-json/3.1.3/spring-boot-starter-json-3.1.3.jar:/Users/lalithphanindrapatibanda/.m2/repository/com/fasterxml/jackson/datatype/jackson-datatype-jdk8/2.15.2/jackson-datatype-jdk8-2.15.2.jar:/Users/lalithphanindrapatibanda/.m2/repository/com/fasterxml/jackson/module/jackson-module-parameter-names/2.15.2/jackson-module-parameter-names-2.15.2.jar:/Users/lalithphanindrapatibanda/.m2/repository/org/springframework/boot/spring-boot-starter-tomcat/3.1.3/spring-boot-starter-tomcat-3.1.3.jar:/Users/lalithphanindrapatibanda/.m2/repository/org/apache/tomcat/embed/tomcat-embed-core/10.1.12/tomcat-embed-core-10.1.12.jar:/Users/lalithphanindrapatibanda/.m2/repository/org/apache/tomcat/embed/tomcat-embed-websocket/10.1.12/tomcat-embed-websocket-10.1.12.jar:/Users/lalithphanindrapatibanda/.m2/repository/org/springframework/spring-web/6.0.11/spring-web-6.0.11.jar:/Users/lalithphanindrapatibanda/.m2/repository/io/micrometer/micrometer-observation/1.11.3/micrometer-observation-1.11.3.jar:/Users/lalithphanindrapatibanda/.m2/repository/io/micrometer/micrometer-commons/1.11.3/micrometer-commons-1.11.3.jar:/Users/lalithphanindrapatibanda/.m2/repository/org/springframework/spring-webmvc/6.0.11/spring-webmvc-6.0.11.jar:/Users/lalithphanindrapatibanda/.m2/repository/org/projectlombok/lombok/1.18.28/lombok-1.18.28.jar:/Users/lalithphanindrapatibanda/.m2/repository/org/springframework/boot/spring-boot-starter-test/3.1.3/spring-boot-starter-test-3.1.3.jar:/Users/lalithphanindrapatibanda/.m2/repository/org/springframework/boot/spring-boot-test/3.1.3/spring-boot-test-3.1.3.jar:/Users/lalithphanindrapatibanda/.m2/repository/org/springframework/boot/spring-boot-test-autoconfigure/3.1.3/spring-boot-test-autoconfigure-3.1.3.jar:/Users/lalithphanindrapatibanda/.m2/repository/com/jayway/jsonpath/json-path/2.8.0/json-path-2.8.0.jar:/Users/lalithphanindrapatibanda/.m2/repository/jakarta/xml/bind/jakarta.xml.bind-api/4.0.0/jakarta.xml.bind-api-4.0.0.jar:/Users/lalithphanindrapatibanda/.m2/repository/jakarta/activation/jakarta.activation-api/2.1.2/jakarta.activation-api-2.1.2.jar:/Users/lalithphanindrapatibanda/.m2/repository/net/minidev/json-smart/2.4.11/json-smart-2.4.11.jar:/Users/lalithphanindrapatibanda/.m2/repository/net/minidev/accessors-smart/2.4.11/accessors-smart-2.4.11.jar:/Users/lalithphanindrapatibanda/.m2/repository/org/ow2/asm/asm/9.3/asm-9.3.jar:/Users/lalithphanindrapatibanda/.m2/repository/org/assertj/assertj-core/3.24.2/assertj-core-3.24.2.jar:/Users/lalithphanindrapatibanda/.m2/repository/net/bytebuddy/byte-buddy/1.14.6/byte-buddy-1.14.6.jar:/Users/lalithphanindrapatibanda/.m2/repository/org/hamcrest/hamcrest/2.2/hamcrest-2.2.jar:/Users/lalithphanindrapatibanda/.m2/repository/org/junit/jupiter/junit-jupiter/5.9.3/junit-jupiter-5.9.3.jar:/Users/lalithphanindrapatibanda/.m2/repository/org/junit/jupiter/junit-jupiter-api/5.9.3/junit-jupiter-api-5.9.3.jar:/Users/lalithphanindrapatibanda/.m2/repository/org/opentest4j/opentest4j/1.2.0/opentest4j-1.2.0.jar:/Users/lalithphanindrapatibanda/.m2/repository/org/junit/platform/junit-platform-commons/1.9.3/junit-platform-commons-1.9.3.jar:/Users/lalithphanindrapatibanda/.m2/repository/org/apiguardian/apiguardian-api/1.1.2/apiguardian-api-1.1.2.jar:/Users/lalithphanindrapatibanda/.m2/repository/org/junit/jupiter/junit-jupiter-params/5.9.3/junit-jupiter-params-5.9.3.jar:/Users/lalithphanindrapatibanda/.m2/repository/org/junit/jupiter/junit-jupiter-engine/5.9.3/junit-jupiter-engine-5.9.3.jar:/Users/lalithphanindrapatibanda/.m2/repository/org/junit/platform/junit-platform-engine/1.9.3/junit-platform-engine-1.9.3.jar:/Users/lalithphanindrapatibanda/.m2/repository/org/mockito/mockito-core/5.3.1/mockito-core-5.3.1.jar:/Users/lalithphanindrapatibanda/.m2/repository/net/bytebuddy/byte-buddy-agent/1.14.6/byte-buddy-agent-1.14.6.jar:/Users/lalithphanindrapatibanda/.m2/repository/org/objenesis/objenesis/3.3/objenesis-3.3.jar:/Users/lalithphanindrapatibanda/.m2/repository/org/mockito/mockito-junit-jupiter/5.3.1/mockito-junit-jupiter-5.3.1.jar:/Users/lalithphanindrapatibanda/.m2/repository/org/skyscreamer/jsonassert/1.5.1/jsonassert-1.5.1.jar:/Users/lalithphanindrapatibanda/.m2/repository/com/vaadin/external/google/android-json/0.0.20131108.vaadin1/android-json-0.0.20131108.vaadin1.jar:/Users/lalithphanindrapatibanda/.m2/repository/org/springframework/spring-core/6.0.11/spring-core-6.0.11.jar:/Users/lalithphanindrapatibanda/.m2/repository/org/springframework/spring-jcl/6.0.11/spring-jcl-6.0.11.jar:/Users/lalithphanindrapatibanda/.m2/repository/org/springframework/spring-test/6.0.11/spring-test-6.0.11.jar:/Users/lalithphanindrapatibanda/.m2/repository/org/xmlunit/xmlunit-core/2.9.1/xmlunit-core-2.9.1.jar:/Users/lalithphanindrapatibanda/.m2/repository/org/springframework/boot/spring-boot-starter-validation/3.1.3/spring-boot-starter-validation-3.1.3.jar:/Users/lalithphanindrapatibanda/.m2/repository/org/apache/tomcat/embed/tomcat-embed-el/10.1.12/tomcat-embed-el-10.1.12.jar:/Users/lalithphanindrapatibanda/.m2/repository/org/hibernate/validator/hibernate-validator/8.0.1.Final/hibernate-validator-8.0.1.Final.jar:/Users/lalithphanindrapatibanda/.m2/repository/jakarta/validation/jakarta.validation-api/3.0.2/jakarta.validation-api-3.0.2.jar:/Users/lalithphanindrapatibanda/.m2/repository/org/jboss/logging/jboss-logging/3.5.3.Final/jboss-logging-3.5.3.Final.jar:/Users/lalithphanindrapatibanda/.m2/repository/com/fasterxml/classmate/1.5.1/classmate-1.5.1.jar:/Users/lalithphanindrapatibanda/.m2/repository/javax/validation/validation-api/2.0.1.Final/validation-api-2.0.1.Final.jar:/Users/lalithphanindrapatibanda/.m2/repository/org/springframework/boot/spring-boot-starter-security/3.1.0/spring-boot-starter-security-3.1.0.jar:/Users/lalithphanindrapatibanda/.m2/repository/org/springframework/spring-aop/6.0.11/spring-aop-6.0.11.jar:/Users/lalithphanindrapatibanda/.m2/repository/org/springframework/security/spring-security-config/6.1.3/spring-security-config-6.1.3.jar:/Users/lalithphanindrapatibanda/.m2/repository/org/springframework/security/spring-security-core/6.1.3/spring-security-core-6.1.3.jar:/Users/lalithphanindrapatibanda/.m2/repository/org/springframework/security/spring-security-crypto/6.1.3/spring-security-crypto-6.1.3.jar:/Users/lalithphanindrapatibanda/.m2/repository/org/springframework/security/spring-security-web/6.1.3/spring-security-web-6.1.3.jar:/Users/lalithphanindrapatibanda/.m2/repository/io/jsonwebtoken/jjwt-api/0.11.5/jjwt-api-0.11.5.jar:/Users/lalithphanindrapatibanda/.m2/repository/io/jsonwebtoken/jjwt-impl/0.11.5/jjwt-impl-0.11.5.jar:/Users/lalithphanindrapatibanda/.m2/repository/com/fasterxml/jackson/datatype/jackson-datatype-jsr310/2.14.2/jackson-datatype-jsr310-2.14.2.jar:/Users/lalithphanindrapatibanda/.m2/repository/com/fasterxml/jackson/core/jackson-annotations/2.15.2/jackson-annotations-2.15.2.jar:/Users/lalithphanindrapatibanda/.m2/repository/com/fasterxml/jackson/core/jackson-core/2.15.2/jackson-core-2.15.2.jar:/Users/lalithphanindrapatibanda/.m2/repository/com/fasterxml/jackson/core/jackson-databind/2.15.2/jackson-databind-2.15.2.jar:/Users/lalithphanindrapatibanda/.m2/repository/io/jsonwebtoken/jjwt-jackson/0.11.5/jjwt-jackson-0.11.5.jar:/Users/lalithphanindrapatibanda/.m2/repository/org/aspectj/aspectjweaver/1.9.19/aspectjweaver-1.9.19.jar:/Users/lalithphanindrapatibanda/.m2/repository/org/mockito/mockito-all/1.10.19/mockito-all-1.10.19.jar:"/>
    <property name="sun.cpu.endian" value="little"/>
    <property name="user.home" value="/Users/lalithphanindrapatibanda"/>
    <property name="user.language" value="en"/>
    <property name="java.specification.vendor" value="Oracle Corporation"/>
    <property name="java.version.date" value="2023-04-18"/>
    <property name="java.home" value="/Users/lalithphanindrapatibanda/Library/Java/JavaVirtualMachines/openjdk-20.0.1/Contents/Home"/>
    <property name="file.separator" value="/"/>
    <property name="basedir" value="/Users/lalithphanindrapatibanda/Desktop/FullStackProject---Customer-Application/Backend/customer"/>
    <property name="java.vm.compressedOopsMode" value="Zero based"/>
    <property name="line.separator" value="&#10;"/>
    <property name="java.vm.specification.vendor" value="Oracle Corporation"/>
    <property name="java.specification.name" value="Java Platform API Specification"/>
    <property name="FILE_LOG_CHARSET" value="UTF-8"/>
    <property name="java.awt.headless" value="true"/>
    <property name="apple.awt.application.name" value="ForkedBooter"/>
    <property name="surefire.real.class.path" value="/Users/lalithphanindrapatibanda/Desktop/FullStackProject---Customer-Application/Backend/customer/target/surefire/surefirebooter-20231002232925835_3.jar"/>
    <property name="sun.management.compiler" value="HotSpot 64-Bit Tiered Compilers"/>
    <property name="ftp.nonProxyHosts" value="local|*.local|169.254/16|*.169.254/16"/>
    <property name="java.runtime.version" value="20.0.1+9-29"/>
    <property name="user.name" value="lalithphanindrapatibanda"/>
    <property name="stdout.encoding" value="UTF-8"/>
    <property name="path.separator" value=":"/>
    <property name="os.version" value="14.0"/>
    <property name="java.runtime.name" value="OpenJDK Runtime Environment"/>
    <property name="file.encoding" value="UTF-8"/>
    <property name="java.vm.name" value="OpenJDK 64-Bit Server VM"/>
    <property name="localRepository" value="/Users/lalithphanindrapatibanda/.m2/repository"/>
    <property name="java.vendor.url.bug" value="https://bugreport.java.com/bugreport/"/>
    <property name="java.io.tmpdir" value="/var/folders/_g/362968v51mjblzft09fps58w0000gn/T/"/>
    <property name="java.version" value="20.0.1"/>
    <property name="user.dir" value="/Users/lalithphanindrapatibanda/Desktop/FullStackProject---Customer-Application/Backend/customer"/>
    <property name="os.arch" value="aarch64"/>
    <property name="java.vm.specification.name" value="Java Virtual Machine Specification"/>
    <property name="PID" value="19078"/>
    <property name="CONSOLE_LOG_CHARSET" value="UTF-8"/>
    <property name="native.encoding" value="UTF-8"/>
    <property name="java.library.path" value="/Users/lalithphanindrapatibanda/Library/Java/Extensions:/Library/Java/Extensions:/Network/Library/Java/Extensions:/System/Library/Java/Extensions:/usr/lib/java:."/>
    <property name="java.vm.info" value="mixed mode, sharing"/>
    <property name="stderr.encoding" value="UTF-8"/>
    <property name="java.vendor" value="Oracle Corporation"/>
    <property name="java.vm.version" value="20.0.1+9-29"/>
    <property name="sun.io.unicode.encoding" value="UnicodeBig"/>
    <property name="socksNonProxyHosts" value="local|*.local|169.254/16|*.169.254/16"/>
    <property name="java.class.version" value="64.0"/>
  </properties>
  <testcase name="testGetOrderByOrderNo" classname="com.lalith.customer.servicetests.OrderServiceTests" time="0.104">
    <system-out><![CDATA[Order(orderKey=null, orderNo=ORDER123, reward=Reward(rewardsKey=null, rewardsId=REWARD123, orderNo=ORDER123, customerId=CUSTOMER123, rewardsEarned=10.0, rewardsRedeemed=0.0, rewardsDate=2023-10-02T23:29:30.877419), orderItems=null, customerId=CUSTOMER123, orderDate=2023-10-02T23:29:30.877423, orderStatus=Created, totalItems=1, orderTotal=10.0, currency=INR, lastModifiedTS=2023-10-02T23:29:30.877401, customerPhoneNo=9876512340)order
]]></system-out>
  </testcase>
  <testcase name="testDeleteOrder" classname="com.lalith.customer.servicetests.OrderServiceTests" time="0.002">
    <system-out><![CDATA[Order(orderKey=null, orderNo=ORDER123, reward=Reward(rewardsKey=null, rewardsId=REWARD123, orderNo=ORDER123, customerId=CUSTOMER123, rewardsEarned=10.0, rewardsRedeemed=0.0, rewardsDate=2023-10-02T23:29:30.884748), orderItems=null, customerId=CUSTOMER123, orderDate=2023-10-02T23:29:30.884752, orderStatus=Created, totalItems=1, orderTotal=10.0, currency=INR, lastModifiedTS=2023-10-02T23:29:30.884742, customerPhoneNo=9876512340)order
]]></system-out>
  </testcase>
  <testcase name="testUpdateOrder" classname="com.lalith.customer.servicetests.OrderServiceTests" time="0.002">
    <system-out><![CDATA[Order(orderKey=null, orderNo=ORDER123, reward=Reward(rewardsKey=null, rewardsId=REWARD123, orderNo=ORDER123, customerId=CUSTOMER123, rewardsEarned=10.0, rewardsRedeemed=0.0, rewardsDate=2023-10-02T23:29:30.886560), orderItems=null, customerId=CUSTOMER123, orderDate=2023-10-02T23:29:30.886563, orderStatus=Created, totalItems=1, orderTotal=10.0, currency=INR, lastModifiedTS=2023-10-02T23:29:30.886554, customerPhoneNo=9876512340)order
Order(orderKey=null, orderNo=ORDER123, reward=Reward(rewardsKey=null, rewardsId=REWARD123, orderNo=ORDER123, customerId=CUSTOMER123, rewardsEarned=10.0, rewardsRedeemed=0.0, rewardsDate=2023-10-02T23:29:30.886708), orderItems=null, customerId=CUSTOMER123, orderDate=2023-10-02T23:29:30.886710, orderStatus=Created, totalItems=1, orderTotal=10.0, currency=INR, lastModifiedTS=2023-10-02T23:29:30.886704, customerPhoneNo=9876512340)order
]]></system-out>
  </testcase>
  <testcase name="testGetOrdersByPhoneNo" classname="com.lalith.customer.servicetests.OrderServiceTests" time="0.001">
    <system-out><![CDATA[Order(orderKey=null, orderNo=ORDER123, reward=Reward(rewardsKey=null, rewardsId=REWARD123, orderNo=ORDER123, customerId=CUSTOMER123, rewardsEarned=10.0, rewardsRedeemed=0.0, rewardsDate=2023-10-02T23:29:30.888316), orderItems=null, customerId=CUSTOMER123, orderDate=2023-10-02T23:29:30.888318, orderStatus=Created, totalItems=1, orderTotal=10.0, currency=INR, lastModifiedTS=2023-10-02T23:29:30.888311, customerPhoneNo=9876512340)order
Order(orderKey=null, orderNo=ORDER456, reward=Reward(rewardsKey=null, rewardsId=REWARD123, orderNo=ORDER123, customerId=CUSTOMER123, rewardsEarned=10.0, rewardsRedeemed=0.0, rewardsDate=2023-10-02T23:29:30.888383), orderItems=null, customerId=CUSTOMER123, orderDate=2023-10-02T23:29:30.888386, orderStatus=Created, totalItems=1, orderTotal=10.0, currency=INR, lastModifiedTS=2023-10-02T23:29:30.888380, customerPhoneNo=9876512340)order
]]></system-out>
  </testcase>
  <testcase name="testGenerateOrderNo" classname="com.lalith.customer.servicetests.OrderServiceTests" time="0.001"/>
  <testcase name="testCreateOrderWithRedeem" classname="com.lalith.customer.servicetests.OrderServiceTests" time="0.005">
    <failure message="expected: not &lt;null&gt;" type="org.opentest4j.AssertionFailedError"><![CDATA[org.opentest4j.AssertionFailedError: expected: not <null>
	at org.junit.jupiter.api.AssertionFailureBuilder.build(AssertionFailureBuilder.java:152)
	at org.junit.jupiter.api.AssertionFailureBuilder.buildAndThrow(AssertionFailureBuilder.java:132)
	at org.junit.jupiter.api.AssertNotNull.failNull(AssertNotNull.java:49)
	at org.junit.jupiter.api.AssertNotNull.assertNotNull(AssertNotNull.java:35)
	at org.junit.jupiter.api.AssertNotNull.assertNotNull(AssertNotNull.java:30)
	at org.junit.jupiter.api.Assertions.assertNotNull(Assertions.java:301)
	at com.lalith.customer.servicetests.OrderServiceTests.testCreateOrderWithRedeem(OrderServiceTests.java:111)
	at java.base/jdk.internal.reflect.DirectMethodHandleAccessor.invoke(DirectMethodHandleAccessor.java:104)
	at java.base/java.lang.reflect.Method.invoke(Method.java:578)
	at org.junit.platform.commons.util.ReflectionUtils.invokeMethod(ReflectionUtils.java:727)
	at org.junit.jupiter.engine.execution.MethodInvocation.proceed(MethodInvocation.java:60)
	at org.junit.jupiter.engine.execution.InvocationInterceptorChain$ValidatingInvocation.proceed(InvocationInterceptorChain.java:131)
	at org.junit.jupiter.engine.extension.TimeoutExtension.intercept(TimeoutExtension.java:156)
	at org.junit.jupiter.engine.extension.TimeoutExtension.interceptTestableMethod(TimeoutExtension.java:147)
	at org.junit.jupiter.engine.extension.TimeoutExtension.interceptTestMethod(TimeoutExtension.java:86)
	at org.junit.jupiter.engine.execution.InterceptingExecutableInvoker$ReflectiveInterceptorCall.lambda$ofVoidMethod$0(InterceptingExecutableInvoker.java:103)
	at org.junit.jupiter.engine.execution.InterceptingExecutableInvoker.lambda$invoke$0(InterceptingExecutableInvoker.java:93)
	at org.junit.jupiter.engine.execution.InvocationInterceptorChain$InterceptedInvocation.proceed(InvocationInterceptorChain.java:106)
	at org.junit.jupiter.engine.execution.InvocationInterceptorChain.proceed(InvocationInterceptorChain.java:64)
	at org.junit.jupiter.engine.execution.InvocationInterceptorChain.chainAndInvoke(InvocationInterceptorChain.java:45)
	at org.junit.jupiter.engine.execution.InvocationInterceptorChain.invoke(InvocationInterceptorChain.java:37)
	at org.junit.jupiter.engine.execution.InterceptingExecutableInvoker.invoke(InterceptingExecutableInvoker.java:92)
	at org.junit.jupiter.engine.execution.InterceptingExecutableInvoker.invoke(InterceptingExecutableInvoker.java:86)
	at org.junit.jupiter.engine.descriptor.TestMethodTestDescriptor.lambda$invokeTestMethod$7(TestMethodTestDescriptor.java:217)
	at org.junit.platform.engine.support.hierarchical.ThrowableCollector.execute(ThrowableCollector.java:73)
	at org.junit.jupiter.engine.descriptor.TestMethodTestDescriptor.invokeTestMethod(TestMethodTestDescriptor.java:213)
	at org.junit.jupiter.engine.descriptor.TestMethodTestDescriptor.execute(TestMethodTestDescriptor.java:138)
	at org.junit.jupiter.engine.descriptor.TestMethodTestDescriptor.execute(TestMethodTestDescriptor.java:68)
	at org.junit.platform.engine.support.hierarchical.NodeTestTask.lambda$executeRecursively$6(NodeTestTask.java:151)
	at org.junit.platform.engine.support.hierarchical.ThrowableCollector.execute(ThrowableCollector.java:73)
	at org.junit.platform.engine.support.hierarchical.NodeTestTask.lambda$executeRecursively$8(NodeTestTask.java:141)
	at org.junit.platform.engine.support.hierarchical.Node.around(Node.java:137)
	at org.junit.platform.engine.support.hierarchical.NodeTestTask.lambda$executeRecursively$9(NodeTestTask.java:139)
	at org.junit.platform.engine.support.hierarchical.ThrowableCollector.execute(ThrowableCollector.java:73)
	at org.junit.platform.engine.support.hierarchical.NodeTestTask.executeRecursively(NodeTestTask.java:138)
	at org.junit.platform.engine.support.hierarchical.NodeTestTask.execute(NodeTestTask.java:95)
	at java.base/java.util.ArrayList.forEach(ArrayList.java:1511)
	at org.junit.platform.engine.support.hierarchical.SameThreadHierarchicalTestExecutorService.invokeAll(SameThreadHierarchicalTestExecutorService.java:41)
	at org.junit.platform.engine.support.hierarchical.NodeTestTask.lambda$executeRecursively$6(NodeTestTask.java:155)
	at org.junit.platform.engine.support.hierarchical.ThrowableCollector.execute(ThrowableCollector.java:73)
	at org.junit.platform.engine.support.hierarchical.NodeTestTask.lambda$executeRecursively$8(NodeTestTask.java:141)
	at org.junit.platform.engine.support.hierarchical.Node.around(Node.java:137)
	at org.junit.platform.engine.support.hierarchical.NodeTestTask.lambda$executeRecursively$9(NodeTestTask.java:139)
	at org.junit.platform.engine.support.hierarchical.ThrowableCollector.execute(ThrowableCollector.java:73)
	at org.junit.platform.engine.support.hierarchical.NodeTestTask.executeRecursively(NodeTestTask.java:138)
	at org.junit.platform.engine.support.hierarchical.NodeTestTask.execute(NodeTestTask.java:95)
	at java.base/java.util.ArrayList.forEach(ArrayList.java:1511)
	at org.junit.platform.engine.support.hierarchical.SameThreadHierarchicalTestExecutorService.invokeAll(SameThreadHierarchicalTestExecutorService.java:41)
	at org.junit.platform.engine.support.hierarchical.NodeTestTask.lambda$executeRecursively$6(NodeTestTask.java:155)
	at org.junit.platform.engine.support.hierarchical.ThrowableCollector.execute(ThrowableCollector.java:73)
	at org.junit.platform.engine.support.hierarchical.NodeTestTask.lambda$executeRecursively$8(NodeTestTask.java:141)
	at org.junit.platform.engine.support.hierarchical.Node.around(Node.java:137)
	at org.junit.platform.engine.support.hierarchical.NodeTestTask.lambda$executeRecursively$9(NodeTestTask.java:139)
	at org.junit.platform.engine.support.hierarchical.ThrowableCollector.execute(ThrowableCollector.java:73)
	at org.junit.platform.engine.support.hierarchical.NodeTestTask.executeRecursively(NodeTestTask.java:138)
	at org.junit.platform.engine.support.hierarchical.NodeTestTask.execute(NodeTestTask.java:95)
	at org.junit.platform.engine.support.hierarchical.SameThreadHierarchicalTestExecutorService.submit(SameThreadHierarchicalTestExecutorService.java:35)
	at org.junit.platform.engine.support.hierarchical.HierarchicalTestExecutor.execute(HierarchicalTestExecutor.java:57)
	at org.junit.platform.engine.support.hierarchical.HierarchicalTestEngine.execute(HierarchicalTestEngine.java:54)
	at org.junit.platform.launcher.core.EngineExecutionOrchestrator.execute(EngineExecutionOrchestrator.java:147)
	at org.junit.platform.launcher.core.EngineExecutionOrchestrator.execute(EngineExecutionOrchestrator.java:127)
	at org.junit.platform.launcher.core.EngineExecutionOrchestrator.execute(EngineExecutionOrchestrator.java:90)
	at org.junit.platform.launcher.core.EngineExecutionOrchestrator.lambda$execute$0(EngineExecutionOrchestrator.java:55)
	at org.junit.platform.launcher.core.EngineExecutionOrchestrator.withInterceptedStreams(EngineExecutionOrchestrator.java:102)
	at org.junit.platform.launcher.core.EngineExecutionOrchestrator.execute(EngineExecutionOrchestrator.java:54)
	at org.junit.platform.launcher.core.DefaultLauncher.execute(DefaultLauncher.java:114)
	at org.junit.platform.launcher.core.DefaultLauncher.execute(DefaultLauncher.java:86)
	at org.junit.platform.launcher.core.DefaultLauncherSession$DelegatingLauncher.execute(DefaultLauncherSession.java:86)
	at org.apache.maven.surefire.junitplatform.LazyLauncher.execute(LazyLauncher.java:50)
	at org.apache.maven.surefire.junitplatform.JUnitPlatformProvider.execute(JUnitPlatformProvider.java:184)
	at org.apache.maven.surefire.junitplatform.JUnitPlatformProvider.invokeAllTests(JUnitPlatformProvider.java:148)
	at org.apache.maven.surefire.junitplatform.JUnitPlatformProvider.invoke(JUnitPlatformProvider.java:122)
	at org.apache.maven.surefire.booter.ForkedBooter.runSuitesInProcess(ForkedBooter.java:385)
	at org.apache.maven.surefire.booter.ForkedBooter.execute(ForkedBooter.java:162)
	at org.apache.maven.surefire.booter.ForkedBooter.run(ForkedBooter.java:507)
	at org.apache.maven.surefire.booter.ForkedBooter.main(ForkedBooter.java:495)
]]></failure>
    <system-out><![CDATA[Customer(customerKey=null, customerId=CUSTOMER123, firstName=null, lastName=null, addressLine1=null, addressLine2=null, city=null, state=null, zipCode=null, country=null, phoneNo=1234567890, emailId=null, status=Active)customer
Item(itemId=ITEM123, itemName=Item 123, itemPrice=10.0)item
Order(orderKey=null, orderNo=0RDER123, reward=Reward(rewardsKey=null, rewardsId=REWARD123, orderNo=ORDER123, customerId=CUSTOMER123, rewardsEarned=10.0, rewardsRedeemed=0.0, rewardsDate=2023-10-02T23:29:30.894918), orderItems=null, customerId=CUSTOMER123, orderDate=2023-10-02T23:29:30.894920, orderStatus=Created, totalItems=1, orderTotal=10.0, currency=INR, lastModifiedTS=2023-10-02T23:29:30.894914, customerPhoneNo=9876512340)order
OrderItem(itemId=ITEM123, itemName=Item 123, quantity=1)
null
]]></system-out>
  </testcase>
  <testcase name="testGetOrdersByCustomerId" classname="com.lalith.customer.servicetests.OrderServiceTests" time="0.001">
    <system-out><![CDATA[Order(orderKey=null, orderNo=ORDER123, reward=Reward(rewardsKey=null, rewardsId=REWARD123, orderNo=ORDER123, customerId=CUSTOMER123, rewardsEarned=10.0, rewardsRedeemed=0.0, rewardsDate=2023-10-02T23:29:30.897269), orderItems=null, customerId=CUSTOMER123, orderDate=2023-10-02T23:29:30.897272, orderStatus=Created, totalItems=1, orderTotal=10.0, currency=INR, lastModifiedTS=2023-10-02T23:29:30.897263, customerPhoneNo=9876512340)order
Order(orderKey=null, orderNo=ORDER456, reward=Reward(rewardsKey=null, rewardsId=REWARD123, orderNo=ORDER123, customerId=CUSTOMER123, rewardsEarned=10.0, rewardsRedeemed=0.0, rewardsDate=2023-10-02T23:29:30.897342), orderItems=null, customerId=CUSTOMER123, orderDate=2023-10-02T23:29:30.897344, orderStatus=Created, totalItems=1, orderTotal=10.0, currency=INR, lastModifiedTS=2023-10-02T23:29:30.897339, customerPhoneNo=9876512340)order
]]></system-out>
  </testcase>
  <testcase name="testGetAllOrders" classname="com.lalith.customer.servicetests.OrderServiceTests" time="0.001">
    <system-out><![CDATA[Order(orderKey=null, orderNo=ORDER123, reward=Reward(rewardsKey=null, rewardsId=REWARD123, orderNo=ORDER123, customerId=CUSTOMER123, rewardsEarned=10.0, rewardsRedeemed=0.0, rewardsDate=2023-10-02T23:29:30.898748), orderItems=null, customerId=CUSTOMER123, orderDate=2023-10-02T23:29:30.898751, orderStatus=Created, totalItems=1, orderTotal=10.0, currency=INR, lastModifiedTS=2023-10-02T23:29:30.898744, customerPhoneNo=9876512340)order
Order(orderKey=null, orderNo=ORDER456, reward=Reward(rewardsKey=null, rewardsId=REWARD123, orderNo=ORDER123, customerId=CUSTOMER123, rewardsEarned=10.0, rewardsRedeemed=0.0, rewardsDate=2023-10-02T23:29:30.898817), orderItems=null, customerId=CUSTOMER123, orderDate=2023-10-02T23:29:30.898819, orderStatus=Created, totalItems=1, orderTotal=10.0, currency=INR, lastModifiedTS=2023-10-02T23:29:30.898811, customerPhoneNo=9876512340)order
]]></system-out>
  </testcase>
  <testcase name="testCreateOrderWithoutRedeem" classname="com.lalith.customer.servicetests.OrderServiceTests" time="0.001">
    <failure message="expected: not &lt;null&gt;" type="org.opentest4j.AssertionFailedError"><![CDATA[org.opentest4j.AssertionFailedError: expected: not <null>
	at org.junit.jupiter.api.AssertionFailureBuilder.build(AssertionFailureBuilder.java:152)
	at org.junit.jupiter.api.AssertionFailureBuilder.buildAndThrow(AssertionFailureBuilder.java:132)
	at org.junit.jupiter.api.AssertNotNull.failNull(AssertNotNull.java:49)
	at org.junit.jupiter.api.AssertNotNull.assertNotNull(AssertNotNull.java:35)
	at org.junit.jupiter.api.AssertNotNull.assertNotNull(AssertNotNull.java:30)
	at org.junit.jupiter.api.Assertions.assertNotNull(Assertions.java:301)
	at com.lalith.customer.servicetests.OrderServiceTests.testCreateOrderWithoutRedeem(OrderServiceTests.java:82)
	at java.base/jdk.internal.reflect.DirectMethodHandleAccessor.invoke(DirectMethodHandleAccessor.java:104)
	at java.base/java.lang.reflect.Method.invoke(Method.java:578)
	at org.junit.platform.commons.util.ReflectionUtils.invokeMethod(ReflectionUtils.java:727)
	at org.junit.jupiter.engine.execution.MethodInvocation.proceed(MethodInvocation.java:60)
	at org.junit.jupiter.engine.execution.InvocationInterceptorChain$ValidatingInvocation.proceed(InvocationInterceptorChain.java:131)
	at org.junit.jupiter.engine.extension.TimeoutExtension.intercept(TimeoutExtension.java:156)
	at org.junit.jupiter.engine.extension.TimeoutExtension.interceptTestableMethod(TimeoutExtension.java:147)
	at org.junit.jupiter.engine.extension.TimeoutExtension.interceptTestMethod(TimeoutExtension.java:86)
	at org.junit.jupiter.engine.execution.InterceptingExecutableInvoker$ReflectiveInterceptorCall.lambda$ofVoidMethod$0(InterceptingExecutableInvoker.java:103)
	at org.junit.jupiter.engine.execution.InterceptingExecutableInvoker.lambda$invoke$0(InterceptingExecutableInvoker.java:93)
	at org.junit.jupiter.engine.execution.InvocationInterceptorChain$InterceptedInvocation.proceed(InvocationInterceptorChain.java:106)
	at org.junit.jupiter.engine.execution.InvocationInterceptorChain.proceed(InvocationInterceptorChain.java:64)
	at org.junit.jupiter.engine.execution.InvocationInterceptorChain.chainAndInvoke(InvocationInterceptorChain.java:45)
	at org.junit.jupiter.engine.execution.InvocationInterceptorChain.invoke(InvocationInterceptorChain.java:37)
	at org.junit.jupiter.engine.execution.InterceptingExecutableInvoker.invoke(InterceptingExecutableInvoker.java:92)
	at org.junit.jupiter.engine.execution.InterceptingExecutableInvoker.invoke(InterceptingExecutableInvoker.java:86)
	at org.junit.jupiter.engine.descriptor.TestMethodTestDescriptor.lambda$invokeTestMethod$7(TestMethodTestDescriptor.java:217)
	at org.junit.platform.engine.support.hierarchical.ThrowableCollector.execute(ThrowableCollector.java:73)
	at org.junit.jupiter.engine.descriptor.TestMethodTestDescriptor.invokeTestMethod(TestMethodTestDescriptor.java:213)
	at org.junit.jupiter.engine.descriptor.TestMethodTestDescriptor.execute(TestMethodTestDescriptor.java:138)
	at org.junit.jupiter.engine.descriptor.TestMethodTestDescriptor.execute(TestMethodTestDescriptor.java:68)
	at org.junit.platform.engine.support.hierarchical.NodeTestTask.lambda$executeRecursively$6(NodeTestTask.java:151)
	at org.junit.platform.engine.support.hierarchical.ThrowableCollector.execute(ThrowableCollector.java:73)
	at org.junit.platform.engine.support.hierarchical.NodeTestTask.lambda$executeRecursively$8(NodeTestTask.java:141)
	at org.junit.platform.engine.support.hierarchical.Node.around(Node.java:137)
	at org.junit.platform.engine.support.hierarchical.NodeTestTask.lambda$executeRecursively$9(NodeTestTask.java:139)
	at org.junit.platform.engine.support.hierarchical.ThrowableCollector.execute(ThrowableCollector.java:73)
	at org.junit.platform.engine.support.hierarchical.NodeTestTask.executeRecursively(NodeTestTask.java:138)
	at org.junit.platform.engine.support.hierarchical.NodeTestTask.execute(NodeTestTask.java:95)
	at java.base/java.util.ArrayList.forEach(ArrayList.java:1511)
	at org.junit.platform.engine.support.hierarchical.SameThreadHierarchicalTestExecutorService.invokeAll(SameThreadHierarchicalTestExecutorService.java:41)
	at org.junit.platform.engine.support.hierarchical.NodeTestTask.lambda$executeRecursively$6(NodeTestTask.java:155)
	at org.junit.platform.engine.support.hierarchical.ThrowableCollector.execute(ThrowableCollector.java:73)
	at org.junit.platform.engine.support.hierarchical.NodeTestTask.lambda$executeRecursively$8(NodeTestTask.java:141)
	at org.junit.platform.engine.support.hierarchical.Node.around(Node.java:137)
	at org.junit.platform.engine.support.hierarchical.NodeTestTask.lambda$executeRecursively$9(NodeTestTask.java:139)
	at org.junit.platform.engine.support.hierarchical.ThrowableCollector.execute(ThrowableCollector.java:73)
	at org.junit.platform.engine.support.hierarchical.NodeTestTask.executeRecursively(NodeTestTask.java:138)
	at org.junit.platform.engine.support.hierarchical.NodeTestTask.execute(NodeTestTask.java:95)
	at java.base/java.util.ArrayList.forEach(ArrayList.java:1511)
	at org.junit.platform.engine.support.hierarchical.SameThreadHierarchicalTestExecutorService.invokeAll(SameThreadHierarchicalTestExecutorService.java:41)
	at org.junit.platform.engine.support.hierarchical.NodeTestTask.lambda$executeRecursively$6(NodeTestTask.java:155)
	at org.junit.platform.engine.support.hierarchical.ThrowableCollector.execute(ThrowableCollector.java:73)
	at org.junit.platform.engine.support.hierarchical.NodeTestTask.lambda$executeRecursively$8(NodeTestTask.java:141)
	at org.junit.platform.engine.support.hierarchical.Node.around(Node.java:137)
	at org.junit.platform.engine.support.hierarchical.NodeTestTask.lambda$executeRecursively$9(NodeTestTask.java:139)
	at org.junit.platform.engine.support.hierarchical.ThrowableCollector.execute(ThrowableCollector.java:73)
	at org.junit.platform.engine.support.hierarchical.NodeTestTask.executeRecursively(NodeTestTask.java:138)
	at org.junit.platform.engine.support.hierarchical.NodeTestTask.execute(NodeTestTask.java:95)
	at org.junit.platform.engine.support.hierarchical.SameThreadHierarchicalTestExecutorService.submit(SameThreadHierarchicalTestExecutorService.java:35)
	at org.junit.platform.engine.support.hierarchical.HierarchicalTestExecutor.execute(HierarchicalTestExecutor.java:57)
	at org.junit.platform.engine.support.hierarchical.HierarchicalTestEngine.execute(HierarchicalTestEngine.java:54)
	at org.junit.platform.launcher.core.EngineExecutionOrchestrator.execute(EngineExecutionOrchestrator.java:147)
	at org.junit.platform.launcher.core.EngineExecutionOrchestrator.execute(EngineExecutionOrchestrator.java:127)
	at org.junit.platform.launcher.core.EngineExecutionOrchestrator.execute(EngineExecutionOrchestrator.java:90)
	at org.junit.platform.launcher.core.EngineExecutionOrchestrator.lambda$execute$0(EngineExecutionOrchestrator.java:55)
	at org.junit.platform.launcher.core.EngineExecutionOrchestrator.withInterceptedStreams(EngineExecutionOrchestrator.java:102)
	at org.junit.platform.launcher.core.EngineExecutionOrchestrator.execute(EngineExecutionOrchestrator.java:54)
	at org.junit.platform.launcher.core.DefaultLauncher.execute(DefaultLauncher.java:114)
	at org.junit.platform.launcher.core.DefaultLauncher.execute(DefaultLauncher.java:86)
	at org.junit.platform.launcher.core.DefaultLauncherSession$DelegatingLauncher.execute(DefaultLauncherSession.java:86)
	at org.apache.maven.surefire.junitplatform.LazyLauncher.execute(LazyLauncher.java:50)
	at org.apache.maven.surefire.junitplatform.JUnitPlatformProvider.execute(JUnitPlatformProvider.java:184)
	at org.apache.maven.surefire.junitplatform.JUnitPlatformProvider.invokeAllTests(JUnitPlatformProvider.java:148)
	at org.apache.maven.surefire.junitplatform.JUnitPlatformProvider.invoke(JUnitPlatformProvider.java:122)
	at org.apache.maven.surefire.booter.ForkedBooter.runSuitesInProcess(ForkedBooter.java:385)
	at org.apache.maven.surefire.booter.ForkedBooter.execute(ForkedBooter.java:162)
	at org.apache.maven.surefire.booter.ForkedBooter.run(ForkedBooter.java:507)
	at org.apache.maven.surefire.booter.ForkedBooter.main(ForkedBooter.java:495)
]]></failure>
    <system-out><![CDATA[Customer(customerKey=null, customerId=CUSTOMER123, firstName=null, lastName=null, addressLine1=null, addressLine2=null, city=null, state=null, zipCode=null, country=null, phoneNo=1234567890, emailId=null, status=Active)customer
Item(itemId=ITEM123, itemName=Item 123, itemPrice=10.0)item
OrderItem(itemId=ITEM123, itemName=Item 123, quantity=1)
Order(orderKey=null, orderNo=ORDER123, reward=Reward(rewardsKey=null, rewardsId=REWARD123, orderNo=ORDER123, customerId=CUSTOMER123, rewardsEarned=10.0, rewardsRedeemed=0.0, rewardsDate=2023-10-02T23:29:30.900563), orderItems=[OrderItem(itemId=ITEM123, itemName=Item 123, quantity=1)], customerId=CUSTOMER123, orderDate=2023-10-02T23:29:30.900565, orderStatus=Created, totalItems=1, orderTotal=10.0, currency=INR, lastModifiedTS=2023-10-02T23:29:30.900559, customerPhoneNo=9876512340)order
nullcreatedorder
]]></system-out>
  </testcase>
</testsuite>